\BOOKMARK [0][-]{chapter*.2}{\376\377\144\130\211\201}{}% 1
\BOOKMARK [0][-]{chapter*.3}{\376\377\000A\000b\000s\000t\000r\000a\000c\000t}{}% 2
\BOOKMARK [0][-]{section*.4}{\376\377\166\356\223\004}{}% 3
\BOOKMARK [0][-]{section*.5}{\376\377\127\026\166\356\223\004}{}% 4
\BOOKMARK [0][-]{section*.6}{\376\377\210\150\166\356\223\004}{}% 5
\BOOKMARK [0][-]{chapter.1}{\376\377\175\322\212\326}{}% 6
\BOOKMARK [1][-]{section.1.1}{\376\377\122\115\212\000}{chapter.1}% 7
\BOOKMARK [1][-]{section.1.2}{\376\377\170\024\172\166\122\325\152\137\202\007\200\314\146\157}{chapter.1}% 8
\BOOKMARK [1][-]{section.1.3}{\376\377\170\024\172\166\166\356\152\031}{chapter.1}% 9
\BOOKMARK [1][-]{section.1.4}{\376\377\212\326\145\207\147\266\151\313}{chapter.1}% 10
\BOOKMARK [0][-]{chapter.2}{\376\377\145\207\163\173\126\336\230\147}{}% 11
\BOOKMARK [1][-]{section.2.1}{\376\377\166\370\225\334\170\024\172\166\116\073\230\114\116\000}{chapter.2}% 12
\BOOKMARK [1][-]{section.2.2}{\376\377\166\370\225\334\170\024\172\166\116\073\230\114\116\214}{chapter.2}% 13
\BOOKMARK [2][-]{subsection.2.2.1}{\376\377\133\120\116\073\230\114}{section.2.2}% 14
\BOOKMARK [0][-]{chapter.3}{\376\377\170\024\172\166\145\271\154\325}{}% 15
\BOOKMARK [1][-]{section.3.1}{\376\377\145\271\154\325\116\000}{chapter.3}% 16
\BOOKMARK [2][-]{subsection.3.1.1}{\376\377\212\163\175\060\212\252\146\016}{section.3.1}% 17
\BOOKMARK [1][-]{section.3.2}{\376\377\145\271\154\325\116\214}{chapter.3}% 18
\BOOKMARK [0][-]{chapter.4}{\376\377\133\346\232\127\175\120\147\234\202\007\122\006\147\220}{}% 19
\BOOKMARK [1][-]{section.4.1}{\376\377\133\346\232\127\212\055\212\010}{chapter.4}% 20
\BOOKMARK [1][-]{section.4.2}{\376\377\133\346\232\127\175\120\147\234}{chapter.4}% 21
\BOOKMARK [2][-]{subsection.4.2.1}{\376\377\175\120\147\234\116\000}{section.4.2}% 22
\BOOKMARK [1][-]{section.4.3}{\376\377\212\016\212\326}{chapter.4}% 23
\BOOKMARK [0][-]{chapter.5}{\376\377\175\120\212\326\202\007\147\052\117\206\135\345\117\134}{}% 24
\BOOKMARK [1][-]{section.5.1}{\376\377\175\120\212\326}{chapter.5}% 25
\BOOKMARK [1][-]{section.5.2}{\376\377\116\073\211\201\214\242\163\173}{chapter.5}% 26
\BOOKMARK [1][-]{section.5.3}{\376\377\147\052\117\206\135\345\117\134}{chapter.5}% 27
